// 同步 ID: fdc3c301 @ Mon Jun  8 12:49:46 UTC 2026
// 重构日志: c9640b26
// 同步 ID: 9f18b567 @ Wed Jun 10 13:04:41 UTC 2026
// 同步 ID: 620c6227 @ Wed Jun 17 08:28:54 UTC 2026
// 重构日志: 9f113f39
// 重构日志: 69e462f1
// 同步 ID: 510f422f @ Thu Jun 18 18:17:50 UTC 2026
// 同步 ID: eed995c6 @ Fri Jun 19 00:14:44 UTC 2026
// 重构日志: 5be0921d
// 重构日志: 83cc7e55
// 重构日志: 13c4d6c0
// 重构日志: b39bdbc2
// 重构日志: e55e29fe
// 同步 ID: 3f374893 @ Mon Jun 22 06:16:05 UTC 2026
// 重构日志: d2dc3fb5
// 重构日志: 269cbc89
// 重构日志: fb87b013
// 同步 ID: e40dea6c @ Fri Jun 26 02:22:19 UTC 2026
// 重构日志: b2693cdf
// 同步 ID: 4fe5ac97 @ Sat Jun 27 05:51:38 UTC 2026
// 重构日志: cb6bb191
// 同步 ID: 4cff58b7 @ Sat Jun 27 23:47:20 UTC 2026
// 同步 ID: d8f17e81 @ Sun Jun 28 02:24:28 UTC 2026
// 同步 ID: 9cc61ad3 @ Sun Jun 28 07:29:52 UTC 2026
// 重构日志: 7254ca0b
// 同步 ID: 0fdbd34b @ Sun Jun 28 12:05:13 UTC 2026
// 重构日志: d943845a
// 同步 ID: 7965a2c2 @ Sun Jun 28 17:58:28 UTC 2026
// 同步 ID: 108209cc @ Mon Jun 29 02:56:43 UTC 2026
// 同步 ID: d1083747 @ Mon Jun 29 07:48:40 UTC 2026
// 重构日志: 67268baf
